time="2024-09-20T10:51:39Z" level=fatal msg="Failed to ping MongoDB: server selection error: server selection timeout, current topology: { Type: Unknown, Servers: [{ Addr: uccdb.airtel.in:37017, Type: Unknown, Last error: dial tcp 10.222.166.98:37017: i/o timeout }, ] }"
time="2024-09-20T10:54:44Z" level=info msg="Mongo connection established"
time="2024-09-20T10:54:44Z" level=info msg="Starting server on port 9095"
time="2024-09-20T10:56:30Z" level=info msg="Mongo connection established"
time="2024-09-20T10:56:30Z" level=info msg="Starting server on port 9095"
time="2024-09-20T11:03:26Z" level=fatal msg="Failed to ping MongoDB: server selection error: server selection timeout, current topology: { Type: Unknown, Servers: [{ Addr: uccdb.airtel.in:37017, Type: Unknown, Last error: dial tcp 10.222.166.98:37017: i/o timeout }, ] }"
time="2024-09-20T11:04:08Z" level=info msg="Mongo connection established"
time="2024-09-20T11:04:08Z" level=info msg="Starting server on port 9095"
time="2024-09-20T11:04:39Z" level=info msg="Mongo connection established"
time="2024-09-20T11:04:39Z" level=info msg="Starting server on port 9095"
time="2024-09-20T11:09:39Z" level=fatal msg="Failed to ping MongoDB: server selection error: server selection timeout, current topology: { Type: Unknown, Servers: [{ Addr: uccdb.airtel.in:37017, Type: Unknown, Last error: dial tcp 10.222.166.98:37017: i/o timeout }, ] }"
time="2024-09-20T11:10:09Z" level=info msg="Mongo connection established"
time="2024-09-20T11:10:09Z" level=info msg="Starting server on port 9095"
time="2024-09-20T11:10:30Z" level=info msg="Request: GET /v1/user/get/user1 | Status: 502 | Duration: 46.528709ms"
time="2024-09-20T11:13:14Z" level=info msg="Request: GET /v1/user/get/user1 | Status: 502 | Duration: 42.177458ms"
time="2024-09-23T08:09:10Z" level=info msg="Request: GET /v1/user/get/user1 | Status: 502 | Duration: 291.239292ms"
time="2024-09-23T08:09:37Z" level=info msg="Mongo connection established"
time="2024-09-23T08:09:37Z" level=info msg="Starting server on port 9095"
time="2024-09-23T08:09:52Z" level=info msg="Request: GET /v1/user/get/user1 | Status: 502 | Duration: 51.447333ms"
time="2024-09-23T09:51:07Z" level=info msg="Mongo connection established"
time="2024-09-23T09:51:07Z" level=info msg="Starting server on port 9095"
time="2024-09-23T15:28:19+05:30" level=fatal msg="Failed to ping MongoDB: server selection error: server selection timeout, current topology: { Type: Unknown, Servers: [{ Addr: uccdb.airtel.in:37017, Type: Unknown, Last error: dial tcp: lookup uccdb.airtel.in: no such host }, ] }"
time="2024-09-23T10:07:21Z" level=fatal msg="Failed to ping MongoDB: server selection error: server selection timeout, current topology: { Type: Unknown, Servers: [{ Addr: uccdb.airtel.in:37017, Type: Unknown, Last error: dial tcp 10.222.166.98:37017: i/o timeout }, ] }"
